<?xml version="1.0" encoding="UTF-8"?>
<testsuite xmlns:xsi="http://www.w3.org/2001/XMLSchema-instance" xsi:noNamespaceSchemaLocation="https://maven.apache.org/surefire/maven-surefire-plugin/xsd/surefire-test-report.xsd" name="external.letiuka.persistence.transaction.DefaultTransactionManagerTest" time="0.243" tests="6" errors="0" skipped="0" failures="0">
  <properties>
    <property name="sun.desktop" value="windows"/>
    <property name="awt.toolkit" value="sun.awt.windows.WToolkit"/>
    <property name="file.encoding.pkg" value="sun.io"/>
    <property name="java.specification.version" value="1.8"/>
    <property name="sun.cpu.isalist" value="amd64"/>
    <property name="sun.jnu.encoding" value="Cp1251"/>
    <property name="java.class.path" value="C:\Users\Vladyslav_Letiuka\Spring Training\Projects\JavaExternal_Final\target\test-classes;C:\Users\Vladyslav_Letiuka\Spring Training\Projects\JavaExternal_Final\target\classes;C:\Users\Vladyslav_Letiuka\.m2\repository\org\quartz-scheduler\quartz\2.2.1\quartz-2.2.1.jar;C:\Users\Vladyslav_Letiuka\.m2\repository\c3p0\c3p0\0.9.1.1\c3p0-0.9.1.1.jar;C:\Users\Vladyslav_Letiuka\.m2\repository\commons-codec\commons-codec\1.4\commons-codec-1.4.jar;C:\Users\Vladyslav_Letiuka\.m2\repository\org\apache\tomcat\tomcat-dbcp\7.0.42\tomcat-dbcp-7.0.42.jar;C:\Users\Vladyslav_Letiuka\.m2\repository\org\apache\tomcat\tomcat-jdbc\7.0.42\tomcat-jdbc-7.0.42.jar;C:\Users\Vladyslav_Letiuka\.m2\repository\org\apache\tomcat\tomcat-juli\7.0.42\tomcat-juli-7.0.42.jar;C:\Users\Vladyslav_Letiuka\.m2\repository\javax\servlet\javax.servlet-api\3.1.0\javax.servlet-api-3.1.0.jar;C:\Users\Vladyslav_Letiuka\.m2\repository\javax\servlet\jstl\1.2\jstl-1.2.jar;C:\Users\Vladyslav_Letiuka\.m2\repository\log4j\log4j\1.2.17\log4j-1.2.17.jar;C:\Users\Vladyslav_Letiuka\.m2\repository\junit\junit\4.11\junit-4.11.jar;C:\Users\Vladyslav_Letiuka\.m2\repository\org\hamcrest\hamcrest-core\1.3\hamcrest-core-1.3.jar;C:\Users\Vladyslav_Letiuka\.m2\repository\org\mockito\mockito-all\1.9.5\mockito-all-1.9.5.jar;C:\Users\Vladyslav_Letiuka\.m2\repository\org\hibernate\hibernate-core\5.3.2.Final\hibernate-core-5.3.2.Final.jar;C:\Users\Vladyslav_Letiuka\.m2\repository\org\jboss\logging\jboss-logging\3.3.2.Final\jboss-logging-3.3.2.Final.jar;C:\Users\Vladyslav_Letiuka\.m2\repository\javax\persistence\javax.persistence-api\2.2\javax.persistence-api-2.2.jar;C:\Users\Vladyslav_Letiuka\.m2\repository\org\javassist\javassist\3.22.0-GA\javassist-3.22.0-GA.jar;C:\Users\Vladyslav_Letiuka\.m2\repository\net\bytebuddy\byte-buddy\1.8.12\byte-buddy-1.8.12.jar;C:\Users\Vladyslav_Letiuka\.m2\repository\antlr\antlr\2.7.7\antlr-2.7.7.jar;C:\Users\Vladyslav_Letiuka\.m2\repository\org\jboss\spec\javax\transaction\jboss-transaction-api_1.2_spec\1.1.1.Final\jboss-transaction-api_1.2_spec-1.1.1.Final.jar;C:\Users\Vladyslav_Letiuka\.m2\repository\org\jboss\jandex\2.0.5.Final\jandex-2.0.5.Final.jar;C:\Users\Vladyslav_Letiuka\.m2\repository\com\fasterxml\classmate\1.3.4\classmate-1.3.4.jar;C:\Users\Vladyslav_Letiuka\.m2\repository\javax\activation\javax.activation-api\1.2.0\javax.activation-api-1.2.0.jar;C:\Users\Vladyslav_Letiuka\.m2\repository\dom4j\dom4j\1.6.1\dom4j-1.6.1.jar;C:\Users\Vladyslav_Letiuka\.m2\repository\org\hibernate\common\hibernate-commons-annotations\5.0.4.Final\hibernate-commons-annotations-5.0.4.Final.jar;C:\Users\Vladyslav_Letiuka\.m2\repository\org\slf4j\slf4j-api\1.7.5\slf4j-api-1.7.5.jar;C:\Users\Vladyslav_Letiuka\.m2\repository\org\slf4j\slf4j-log4j12\1.7.5\slf4j-log4j12-1.7.5.jar;"/>
    <property name="java.vm.vendor" value="Oracle Corporation"/>
    <property name="sun.arch.data.model" value="64"/>
    <property name="user.variant" value=""/>
    <property name="java.vendor.url" value="http://java.oracle.com/"/>
    <property name="user.timezone" value=""/>
    <property name="java.vm.specification.version" value="1.8"/>
    <property name="os.name" value="Windows 10"/>
    <property name="user.country" value="US"/>
    <property name="sun.java.launcher" value="SUN_STANDARD"/>
    <property name="sun.boot.library.path" value="C:\Program Files\Java\jdk1.8.0_161\jre\bin"/>
    <property name="sun.java.command" value="C:\Users\VLADYS~2\AppData\Local\Temp\surefire1476020223085900713\surefirebooter1326385086864264467.jar C:\Users\Vladyslav_Letiuka\AppData\Local\Temp\surefire1476020223085900713 2018-07-12T15-47-55_241-jvmRun1 surefire8077403465746001689tmp surefire_08335198719591070674tmp"/>
    <property name="surefire.test.class.path" value="C:\Users\Vladyslav_Letiuka\Spring Training\Projects\JavaExternal_Final\target\test-classes;C:\Users\Vladyslav_Letiuka\Spring Training\Projects\JavaExternal_Final\target\classes;C:\Users\Vladyslav_Letiuka\.m2\repository\org\quartz-scheduler\quartz\2.2.1\quartz-2.2.1.jar;C:\Users\Vladyslav_Letiuka\.m2\repository\c3p0\c3p0\0.9.1.1\c3p0-0.9.1.1.jar;C:\Users\Vladyslav_Letiuka\.m2\repository\commons-codec\commons-codec\1.4\commons-codec-1.4.jar;C:\Users\Vladyslav_Letiuka\.m2\repository\org\apache\tomcat\tomcat-dbcp\7.0.42\tomcat-dbcp-7.0.42.jar;C:\Users\Vladyslav_Letiuka\.m2\repository\org\apache\tomcat\tomcat-jdbc\7.0.42\tomcat-jdbc-7.0.42.jar;C:\Users\Vladyslav_Letiuka\.m2\repository\org\apache\tomcat\tomcat-juli\7.0.42\tomcat-juli-7.0.42.jar;C:\Users\Vladyslav_Letiuka\.m2\repository\javax\servlet\javax.servlet-api\3.1.0\javax.servlet-api-3.1.0.jar;C:\Users\Vladyslav_Letiuka\.m2\repository\javax\servlet\jstl\1.2\jstl-1.2.jar;C:\Users\Vladyslav_Letiuka\.m2\repository\log4j\log4j\1.2.17\log4j-1.2.17.jar;C:\Users\Vladyslav_Letiuka\.m2\repository\junit\junit\4.11\junit-4.11.jar;C:\Users\Vladyslav_Letiuka\.m2\repository\org\hamcrest\hamcrest-core\1.3\hamcrest-core-1.3.jar;C:\Users\Vladyslav_Letiuka\.m2\repository\org\mockito\mockito-all\1.9.5\mockito-all-1.9.5.jar;C:\Users\Vladyslav_Letiuka\.m2\repository\org\hibernate\hibernate-core\5.3.2.Final\hibernate-core-5.3.2.Final.jar;C:\Users\Vladyslav_Letiuka\.m2\repository\org\jboss\logging\jboss-logging\3.3.2.Final\jboss-logging-3.3.2.Final.jar;C:\Users\Vladyslav_Letiuka\.m2\repository\javax\persistence\javax.persistence-api\2.2\javax.persistence-api-2.2.jar;C:\Users\Vladyslav_Letiuka\.m2\repository\org\javassist\javassist\3.22.0-GA\javassist-3.22.0-GA.jar;C:\Users\Vladyslav_Letiuka\.m2\repository\net\bytebuddy\byte-buddy\1.8.12\byte-buddy-1.8.12.jar;C:\Users\Vladyslav_Letiuka\.m2\repository\antlr\antlr\2.7.7\antlr-2.7.7.jar;C:\Users\Vladyslav_Letiuka\.m2\repository\org\jboss\spec\javax\transaction\jboss-transaction-api_1.2_spec\1.1.1.Final\jboss-transaction-api_1.2_spec-1.1.1.Final.jar;C:\Users\Vladyslav_Letiuka\.m2\repository\org\jboss\jandex\2.0.5.Final\jandex-2.0.5.Final.jar;C:\Users\Vladyslav_Letiuka\.m2\repository\com\fasterxml\classmate\1.3.4\classmate-1.3.4.jar;C:\Users\Vladyslav_Letiuka\.m2\repository\javax\activation\javax.activation-api\1.2.0\javax.activation-api-1.2.0.jar;C:\Users\Vladyslav_Letiuka\.m2\repository\dom4j\dom4j\1.6.1\dom4j-1.6.1.jar;C:\Users\Vladyslav_Letiuka\.m2\repository\org\hibernate\common\hibernate-commons-annotations\5.0.4.Final\hibernate-commons-annotations-5.0.4.Final.jar;C:\Users\Vladyslav_Letiuka\.m2\repository\org\slf4j\slf4j-api\1.7.5\slf4j-api-1.7.5.jar;C:\Users\Vladyslav_Letiuka\.m2\repository\org\slf4j\slf4j-log4j12\1.7.5\slf4j-log4j12-1.7.5.jar;"/>
    <property name="sun.cpu.endian" value="little"/>
    <property name="user.home" value="C:\Users\Vladyslav_Letiuka"/>
    <property name="user.language" value="en"/>
    <property name="java.specification.vendor" value="Oracle Corporation"/>
    <property name="java.home" value="C:\Program Files\Java\jdk1.8.0_161\jre"/>
    <property name="basedir" value="C:\Users\Vladyslav_Letiuka\Spring Training\Projects\JavaExternal_Final"/>
    <property name="file.separator" value="\"/>
    <property name="line.separator" value="&#10;"/>
    <property name="java.vm.specification.vendor" value="Oracle Corporation"/>
    <property name="java.specification.name" value="Java Platform API Specification"/>
    <property name="java.awt.graphicsenv" value="sun.awt.Win32GraphicsEnvironment"/>
    <property name="surefire.real.class.path" value="C:\Users\VLADYS~2\AppData\Local\Temp\surefire1476020223085900713\surefirebooter1326385086864264467.jar"/>
    <property name="sun.boot.class.path" value="C:\Program Files\Java\jdk1.8.0_161\jre\lib\resources.jar;C:\Program Files\Java\jdk1.8.0_161\jre\lib\rt.jar;C:\Program Files\Java\jdk1.8.0_161\jre\lib\sunrsasign.jar;C:\Program Files\Java\jdk1.8.0_161\jre\lib\jsse.jar;C:\Program Files\Java\jdk1.8.0_161\jre\lib\jce.jar;C:\Program Files\Java\jdk1.8.0_161\jre\lib\charsets.jar;C:\Program Files\Java\jdk1.8.0_161\jre\lib\jfr.jar;C:\Program Files\Java\jdk1.8.0_161\jre\classes"/>
    <property name="user.script" value=""/>
    <property name="sun.management.compiler" value="HotSpot 64-Bit Tiered Compilers"/>
    <property name="java.runtime.version" value="1.8.0_161-b12"/>
    <property name="user.name" value="Vladyslav_Letiuka"/>
    <property name="path.separator" value=";"/>
    <property name="os.version" value="10.0"/>
    <property name="java.endorsed.dirs" value="C:\Program Files\Java\jdk1.8.0_161\jre\lib\endorsed"/>
    <property name="java.runtime.name" value="Java(TM) SE Runtime Environment"/>
    <property name="file.encoding" value="Cp1251"/>
    <property name="java.vm.name" value="Java HotSpot(TM) 64-Bit Server VM"/>
    <property name="localRepository" value="C:\Users\Vladyslav_Letiuka\.m2\repository"/>
    <property name="java.vendor.url.bug" value="http://bugreport.sun.com/bugreport/"/>
    <property name="java.io.tmpdir" value="C:\Users\VLADYS~2\AppData\Local\Temp\"/>
    <property name="idea.version" value="2018.1.2"/>
    <property name="java.version" value="1.8.0_161"/>
    <property name="user.dir" value="C:\Users\Vladyslav_Letiuka\Spring Training\Projects\JavaExternal_Final"/>
    <property name="os.arch" value="amd64"/>
    <property name="java.vm.specification.name" value="Java Virtual Machine Specification"/>
    <property name="java.awt.printerjob" value="sun.awt.windows.WPrinterJob"/>
    <property name="sun.os.patch.level" value=""/>
    <property name="java.library.path" value="C:\Program Files\Java\jdk1.8.0_161\jre\bin;C:\WINDOWS\Sun\Java\bin;C:\WINDOWS\system32;C:\WINDOWS;C:\Program Files\Docker\Docker\Resources\bin;C:\Program Files (x86)\Common Files\Oracle\Java\javapath;C:\ProgramData\Oracle\Java\javapath;C:\WINDOWS\system32;C:\WINDOWS;C:\WINDOWS\System32\Wbem;C:\WINDOWS\System32\WindowsPowerShell\v1.0\;C:\Program Files\TortoiseSVN\bin;C:\Program Files (x86)\Brackets\command;C:\Program Files (x86)\Skype\Phone\;C:\Program Files\Java\jdk1.8.0_161\bin;C:\apache-maven-3.5.0\bin;c:\Program Files\Git\bin\;C:\Program Files\MySQL\MySQL Utilities 1.6\;C:\Program Files (x86)\Yarn\bin\;C:\Program Files\nodejs\;C:\Users\Vladyslav_Letiuka\AppData\Local\Microsoft\WindowsApps;;."/>
    <property name="java.vm.info" value="mixed mode"/>
    <property name="java.vendor" value="Oracle Corporation"/>
    <property name="java.vm.version" value="25.161-b12"/>
    <property name="java.ext.dirs" value="C:\Program Files\Java\jdk1.8.0_161\jre\lib\ext;C:\WINDOWS\Sun\Java\lib\ext"/>
    <property name="sun.io.unicode.encoding" value="UnicodeLittle"/>
    <property name="java.class.version" value="52.0"/>
  </properties>
  <testcase name="rollsBackImplicitTransactions" classname="external.letiuka.persistence.transaction.DefaultTransactionManagerTest" time="0.016"/>
  <testcase name="commitsImplicitTransactions" classname="external.letiuka.persistence.transaction.DefaultTransactionManagerTest" time="0"/>
  <testcase name="rollsBackExplicitTransactions" classname="external.letiuka.persistence.transaction.DefaultTransactionManagerTest" time="0"/>
  <testcase name="commitsExplicitTransactions" classname="external.letiuka.persistence.transaction.DefaultTransactionManagerTest" time="0"/>
  <testcase name="startsNewImplicitTransactions" classname="external.letiuka.persistence.transaction.DefaultTransactionManagerTest" time="0.016"/>
  <testcase name="startsNewExplicitTransactions" classname="external.letiuka.persistence.transaction.DefaultTransactionManagerTest" time="0.001"/>
</testsuite>